<?xml version="1.0" encoding="UTF-8"?>
<testsuite xmlns:xsi="http://www.w3.org/2001/XMLSchema-instance" xsi:noNamespaceSchemaLocation="https://maven.apache.org/surefire/maven-surefire-plugin/xsd/surefire-test-report.xsd" name="com.cognizant.usermanagement.UserManagementApplicationTests" time="17.512" tests="3" errors="0" skipped="0" failures="0">
  <properties>
[...]
</properties>
  <testcase name="testLogin" classname="com.cognizant.usermanagement.UserManagementApplicationTests" time="0.716"/>
  <testcase name="contextLoads" classname="com.cognizant.usermanagement.UserManagementApplicationTests" time="0.002"/>
  <testcase name="testSignup" classname="com.cognizant.usermanagement.UserManagementApplicationTests" time="0.083"/>
</testsuite>